<?xml version="1.0" encoding="UTF-8" standalone="no"?>
<testsuite errors="0" failures="0" name="io.cucumber.core.plugin.JUnitFormatter" skipped="0" tests="1" time="17.304">
    <testcase classname="Login" name="Sign in to the website using a username and password" time="16.871">
        <system-out>
            <![CDATA[Given user is on the home page of the application...........................passed
And user clicks sign-in link from the top right of the application..........passed
And user enters "everythingIsPerfect@evrythng.com", "12345" in related field.passed
And user clicks sign-in button..............................................passed
Then user logs in successfully..............................................passed
]]>
        </system-out>
    </testcase>
</testsuite>
